app/app/build/intermediates/manifest_merge_blame_file/release/manifest-merger-blame-release-report.txt
1<?xml version="1.0" encoding="utf-8"?>
2<manifest xmlns:android="http://schemas.android.com/apk/res/android"
3    package="br.uespi.piripiri.radio"
4    android:versionCode="1"
5    android:versionName="1.0" >
6
7    <uses-sdk
8        android:minSdkVersion="16"
8-->src\main\AndroidManifest.xml
9        android:targetSdkVersion="29" />
9-->src\main\AndroidManifest.xml
10
11    <uses-permission android:name="android.permission.ACCESS_NETWORK_STATE" />
11-->src\main\AndroidManifest.xml:5:5-79
11-->src\main\AndroidManifest.xml:5:22-76
12    <uses-permission android:name="android.permission.INTERNET" />
12-->src\main\AndroidManifest.xml:6:5-66
12-->src\main\AndroidManifest.xml:6:22-64
13
14    <application
14-->src\main\AndroidManifest.xml:7:5-28:19
15        android:allowBackup="true"
15-->src\main\AndroidManifest.xml:8:9-35
16        android:appComponentFactory="androidx.core.app.CoreComponentFactory"
16-->[androidx.core:core:1.1.0] AndroidManifest.xml:24:18-86
17        android:icon="@mipmap/ic_launcher_radio"
17-->src\main\AndroidManifest.xml:9:9-49
18        android:label="@string/app_name"
18-->src\main\AndroidManifest.xml:10:9-41
19        android:roundIcon="@mipmap/ic_launcher_round"
19-->src\main\AndroidManifest.xml:12:9-54
20        android:supportsRtl="true"
20-->src\main\AndroidManifest.xml:13:9-35
21        android:theme="@style/AppTheme"
21-->src\main\AndroidManifest.xml:14:9-40
22        android:usesCleartextTraffic="true" >
22-->src\main\AndroidManifest.xml:11:9-44
23        <activity
23-->src\main\AndroidManifest.xml:15:9-25:20
24            android:name="br.uespi.piripiri.radio.MainActivity"
24-->src\main\AndroidManifest.xml:16:13-64
25            android:label="@string/app_name"
25-->src\main\AndroidManifest.xml:18:13-45
26            android:screenOrientation="portrait"
26-->src\main\AndroidManifest.xml:17:13-49
27            android:theme="@style/AppTheme.NoActionBar" >
27-->src\main\AndroidManifest.xml:19:13-56
28            <intent-filter>
28-->src\main\AndroidManifest.xml:20:13-24:29
29                <action android:name="android.intent.action.MAIN" />
29-->src\main\AndroidManifest.xml:21:17-69
29-->src\main\AndroidManifest.xml:21:25-66
30
31                <category android:name="android.intent.category.LAUNCHER" />
31-->src\main\AndroidManifest.xml:23:17-77
31-->src\main\AndroidManifest.xml:23:27-74
32            </intent-filter>
33        </activity>
34        <activity
34-->src\main\AndroidManifest.xml:26:9-27:90
35            android:name="br.uespi.piripiri.radio.Player.NewsWebViewActivity"
35-->src\main\AndroidManifest.xml:26:19-84
36            android:parentActivityName="br.uespi.piripiri.radio.MainActivity" />
36-->src\main\AndroidManifest.xml:27:13-78
37    </application>
38
39</manifest>